<?xml version="1.0" encoding="UTF-8"?>
<!-- Generated by org.testng.reporters.JUnitReportReporter -->
<testsuite hostname="LAPTOP-5E70634L" name="testcases.TestFlightBookingFunctionality" tests="1" failures="0" timestamp="6 Dec 2021 08:37:56 GMT" time="7.826" errors="0">
  <testcase name="test_Single_Flight_Booking_On_Same_Route" time="7.826" classname="testcases.TestFlightBookingFunctionality"/>
</testsuite> <!-- testcases.TestFlightBookingFunctionality -->
